<codec x:schema="/nop/schema/record/packet-codec.xdef" xmlns:x="/nop/schema/xdsl.xdef"
       lengthFieldLength="2">
    <types>
        <type name="BaseMessage" abstract="true">
            <fields>
                <field name="type" type="int" length="1">
                    <schema dict="MessageType"/>
                </field>
            </fields>
        </type>

        <type name="MessageWithHeaders" abstract="true">
            <fields>
                <field name="headers" typeRef="Header" repeatKind="fixed">

                </field>
            </fields>
        </type>

        <type name="Header">
            <fields>
                <field name="name" type="String" codec="VLA" mandatory="true">
                    <schema maxLength="50"/>
                </field>

                <field name="value" type="String" codec="VLA" mandatory="true">
                    <schema maxLength="200"/>
                </field>
            </fields>
        </type>

        <type name="Request" baseType="MessageWithHeaders">
            <fields>
                <field name="id" type="long" length="8" codec="u8be" mandatory="true"/>
                <field name="name" type="String" length="20" codec="FLA"/>
            </fields>
        </type>

        <type name="Response" baseType="MessageWithHeaders">
            <fields>
                <field name="resultCode" type="long" length="8" codec="u8be"/>
                <field name="resultData" type="String" length="20" codec="VLA"/>
            </fields>
        </type>

        <type name="Logon" baseType="BaseMessage">
            <fields>
            </fields>
        </type>

        <type name="LogonOk" baseType="BaseMessage">

        </type>

        <type name="Error">

        </type>
    </types>

    <dicts>
        <dict name="MessageType" label="MessageType" valueType="int">
            <option code="Request" value="1" label="Request"/>
            <option code="Response" value="2" label="Response"/>
            <option code="Logon" value="3" label="Logon"/>
            <option code="LogonOk" value="4" label="LogonOk"/>
        </dict>
    </dicts>
</codec>